time="2023-05-02T09:04:33+07:00" level=info msg="Claim Token Succesfully"
time="2023-05-02T09:04:40+07:00" level=error msg="invalid email or password"
time="2023-05-02T09:04:53+07:00" level=info msg="Claim Token Succesfully"
time="2023-05-02T09:05:12+07:00" level=info msg="Success to get users"
time="2023-05-02T09:05:26+07:00" level=info msg="Data loaded Successfully"
time="2023-05-02T09:08:47+07:00" level=info msg="Success to get user card"
time="2023-05-02T09:09:08+07:00" level=info msg="Success to get user card"
time="2023-05-02T20:58:45+07:00" level=error msg="Failed to get users"
time="2023-05-02T20:58:45+07:00" level=error msg="Failed to get users"
time="2023-05-02T20:59:57+07:00" level=error msg="Failed to get users"
time="2023-05-02T21:10:35+07:00" level=error msg="Failed to get users"
time="2023-05-02T21:11:31+07:00" level=error msg="Failed to get users"
time="2023-05-02T21:17:00+07:00" level=error msg="Failed to get users"
time="2023-05-02T21:34:29+07:00" level=error msg="Failed to get users"
time="2023-05-02T21:34:29+07:00" level=error msg="Failed to get users"
time="2023-05-02T21:49:36+07:00" level=error msg="Failed to get users"
time="2023-05-02T21:52:03+07:00" level=error msg="Failed to get users"
time="2023-05-03T11:15:36+07:00" level=error msg="Failed to get users"
time="2023-05-03T11:21:36+07:00" level=error msg="Failed to get users"
time="2023-05-03T11:50:55+07:00" level=error msg="Failed to get users"
time="2023-05-03T11:55:14+07:00" level=info msg="Success to get users"
time="2023-05-03T11:57:27+07:00" level=info msg="Success to get users"
time="2023-05-03T13:04:16+07:00" level=error msg="Failed to get users"
time="2023-05-03T13:05:37+07:00" level=error msg="Failed to get users"
time="2023-05-03T13:06:21+07:00" level=error msg="Failed to get users"
time="2023-05-03T13:06:21+07:00" level=info msg="Success to get users"
time="2023-05-03T13:09:48+07:00" level=info msg="Success to get users"
time="2023-05-03T13:10:51+07:00" level=error msg="Failed to get users"
time="2023-05-03T13:10:51+07:00" level=info msg="Success to get users"
time="2023-05-03T13:23:03+07:00" level=info msg="Success to get users"
time="2023-05-03T13:24:18+07:00" level=info msg="Succes to get user"
time="2023-05-03T13:24:44+07:00" level=info msg="Succes to get user"
time="2023-05-03T13:24:44+07:00" level=error msg="Failed to get users"
time="2023-05-03T13:24:44+07:00" level=info msg="Success to get users"
time="2023-05-03T16:56:27+07:00" level=info msg="Claim Token Succesfully"
time="2023-05-03T16:56:45+07:00" level=info msg="Data loaded Successfully"
time="2023-05-03T16:57:03+07:00" level=info msg="Bank Account deleted Successfully"
time="2023-05-03T17:06:36+07:00" level=info msg="Claim Token Succesfully"
time="2023-05-03T17:07:07+07:00" level=info msg="Data loaded Successfully"
time="2023-05-03T17:07:27+07:00" level=info msg="Data loaded Successfully"
time="2023-05-03T17:12:22+07:00" level=info msg="Claim Token Succesfully"
time="2023-05-03T17:13:14+07:00" level=info msg="Data loaded Successfully"
time="2023-05-03T17:13:36+07:00" level=info msg="Bank Account deleted Successfully"
time="2023-05-03T17:30:09+07:00" level=error msg="Invalid Input: Required fields are empty"
time="2023-05-03T17:30:37+07:00" level=info msg="Bank Account created Successfully"
time="2023-05-03T17:34:23+07:00" level=error msg="Failed to create Bank Account: failed to create data"
time="2023-05-03T17:34:44+07:00" level=info msg="Claim Token Succesfully"
time="2023-05-03T17:35:03+07:00" level=error msg="Failed to create Bank Account: failed to create data"
time="2023-05-03T17:36:23+07:00" level=error msg="Failed to create Bank Account: failed to create data"
time="2023-05-03T17:36:28+07:00" level=error msg="Failed to create Bank Account: failed to create data"
time="2023-05-03T17:38:30+07:00" level=error msg="Failed to create Bank Account: failed to create data"
time="2023-05-03T17:40:14+07:00" level=info msg="Bank Account created Successfully"
time="2023-05-03T17:40:54+07:00" level=info msg="Bank Account created Successfully"
time="2023-05-03T17:45:36+07:00" level=error msg="Failed to create Bank Account: failed to create data"
time="2023-05-03T17:51:11+07:00" level=info msg="Bank Account created Successfully"
time="2023-05-03T17:52:33+07:00" level=info msg="Data loaded Successfully"
time="2023-05-03T17:53:11+07:00" level=info msg="Data loaded Successfully"
time="2023-05-03T17:53:30+07:00" level=info msg="Bank Account created Successfully"
time="2023-05-03T18:01:39+07:00" level=info msg="Claim Token Succesfully"
time="2023-05-03T18:02:34+07:00" level=info msg="Bank Account created Successfully"
time="2023-05-03T18:03:38+07:00" level=info msg="Bank Account created Successfully"
time="2023-05-03T18:04:06+07:00" level=info msg="Data loaded Successfully"
time="2023-05-03T18:34:32+07:00" level=error msg="Invalid Input: Required fields are empty"
time="2023-05-03T18:38:27+07:00" level=info msg="Bank Account edited Successfully"
